2025-12-08 14:28:34,002 - INFO - Creating Vendor Summary Table.....
2025-12-08 14:29:48,750 - INFO -    VendorNumber                   VendorName  Brand              Description  ...  TotalSalesDollars  TotalSalesPrice TotalExciseTax  FreightCost
0          1128  BROWN-FORMAN CORP             1233  Jack Daniels No 7 Black  ...         5101919.51        672819.31      260999.20     68601.68
1          4425        MARTIGNETTI COMPANIES   3405    Tito's Handmade Vodka  ...         4819073.49        561512.37      294438.66    144929.24
2         17035  PERNOD RICARD USA             8068         Absolut 80 Proof  ...         4538120.60        461140.15      343854.07    123780.22
3          3960  DIAGEO NORTH AMERICA INC      4261   Capt Morgan Spiced Rum  ...         4475972.88        420050.01      368242.80    257032.07
4          3960  DIAGEO NORTH AMERICA INC      3545          Ketel One Vodka  ...         4223107.62        545778.28      249587.83    257032.07

[5 rows x 14 columns]
2025-12-08 14:29:48,784 - INFO - Cleaning Data.....
2025-12-08 14:29:48,816 - INFO -    VendorNumber                VendorName  Brand              Description  PurchasePrice  ...  FreightCost  GrossProfit  ProfitMargin  StockTurnover  SalestoPurchaseRatio
0          1128         BROWN-FORMAN CORP   1233  Jack Daniels No 7 Black          26.27  ...     68601.68   1290667.91     25.297693       0.979108              1.338647
1          4425     MARTIGNETTI COMPANIES   3405    Tito's Handmade Vodka          23.19  ...    144929.24   1015032.27     21.062810       0.976890              1.266830
2         17035         PERNOD RICARD USA   8068         Absolut 80 Proof          18.24  ...    123780.22   1119816.92     24.675786       0.998575              1.327594
3          3960  DIAGEO NORTH AMERICA INC   4261   Capt Morgan Spiced Rum          16.17  ...    257032.07   1214774.94     27.139908       0.993703              1.372493
4          3960  DIAGEO NORTH AMERICA INC   3545          Ketel One Vodka          21.89  ...    257032.07   1199901.61     28.412764       0.983556              1.396897

[5 rows x 18 columns]
2025-12-08 14:29:49,332 - INFO - Saved vendor summary CSV to D:/kaif2/04_Projects/Data_Analyst/Python/Vendor_Performance/Data/vendor_sales_summary.csv
2025-12-08 14:29:49,332 - INFO - Ingesting data.....
2025-12-08 14:29:49,815 - INFO - --------------Ingestion Completed--------------
2025-12-08 14:29:49,815 - INFO - Total Time Taken: 1.2666674931844075 minutes
